This is pdfTeX, Version 3.14159265-2.6-1.40.21 (MiKTeX 2.9.7440 64-bit) (preloaded format=pdflatex 2020.5.19)  24 MAY 2020 22:54
entering extended mode
**./main.tex
(main.tex
LaTeX2e <2020-02-02> patch level 5
L3 programming layer <2020-05-15>
("C:\Users\Damian\AppData\Local\Programs\MiKTeX 2.9\tex/latex/base\article.cls"
Document Class: article 2019/12/20 v1.4l Standard LaTeX document class
("C:\Users\Damian\AppData\Local\Programs\MiKTeX 2.9\tex/latex/base\size12.clo"
File: size12.clo 2019/12/20 v1.4l Standard LaTeX file (size option)
)
\c@part=\count167
\c@section=\count168
\c@subsection=\count169
\c@subsubsection=\count170
\c@paragraph=\count171
\c@subparagraph=\count172
\c@figure=\count173
\c@table=\count174
\abovecaptionskip=\skip47
\belowcaptionskip=\skip48
\bibindent=\dimen134
)
("C:\Users\Damian\AppData\Local\Programs\MiKTeX 2.9\tex/latex/base\inputenc.sty
"
Package: inputenc 2018/08/11 v1.3c Input encoding file
\inpenc@prehook=\toks15
\inpenc@posthook=\toks16
)
("C:\Users\Damian\AppData\Local\Programs\MiKTeX 2.9\tex/latex/doublestroke\dsfo
nt.sty"
Package: dsfont 1995/08/01 v0.1 Double stroke roman fonts
)
("C:\Users\Damian\AppData\Local\Programs\MiKTeX 2.9\tex/generic/babel\babel.sty
"
Package: babel 2020/05/13 3.44 The Babel package

("C:\Users\Damian\AppData\Local\Programs\MiKTeX 2.9\tex/generic/babel\babel.def
"
File: babel.def 2020/05/13 3.44 Babel common definitions
\babel@savecnt=\count175
\U@D=\dimen135
\l@babelnohyphens=\language78

("C:\Users\Damian\AppData\Local\Programs\MiKTeX 2.9\tex/generic/babel\txtbabel.
def")
\bbl@readstream=\read2
)
\bbl@dirlevel=\count176

*************************************
* Local config file bblopts.cfg used
*
("C:\Users\Damian\AppData\Local\Programs\MiKTeX 2.9\tex/latex/arabi\bblopts.cfg
"
File: bblopts.cfg 2005/09/08 v0.1 add Arabic and Farsi to "declared" options of
 babel
)
("C:\Users\Damian\AppData\Local\Programs\MiKTeX 2.9\tex/latex/babel-polish\poli
sh.ldf"
Language: polish 2005/03/31 v1.2l Polish support from the babel system
Package babel Info: Making " an active character on input line 83.
\pl@left=\dimen136
\pl@down=\dimen137
\pl@right=\dimen138
\pl@temp=\dimen139
))
("C:\Users\Damian\AppData\Local\Programs\MiKTeX 2.9\tex/latex/amsmath\amsmath.s
ty"
Package: amsmath 2020/01/20 v2.17e AMS math features
\@mathmargin=\skip49

For additional information on amsmath, use the `?' option.

("C:\Users\Damian\AppData\Local\Programs\MiKTeX 2.9\tex/latex/amsmath\amstext.s
ty"
Package: amstext 2000/06/29 v2.01 AMS text

("C:\Users\Damian\AppData\Local\Programs\MiKTeX 2.9\tex/latex/amsmath\amsgen.st
y"
File: amsgen.sty 1999/11/30 v2.0 generic functions
\@emptytoks=\toks17
\ex@=\dimen140
))
("C:\Users\Damian\AppData\Local\Programs\MiKTeX 2.9\tex/latex/amsmath\amsbsy.st
y"
Package: amsbsy 1999/11/29 v1.2d Bold Symbols
\pmbraise@=\dimen141
)
("C:\Users\Damian\AppData\Local\Programs\MiKTeX 2.9\tex/latex/amsmath\amsopn.st
y"
Package: amsopn 2016/03/08 v2.02 operator names
)
\inf@bad=\count177
LaTeX Info: Redefining \frac on input line 227.
\uproot@=\count178
\leftroot@=\count179
LaTeX Info: Redefining \overline on input line 389.
\classnum@=\count180
\DOTSCASE@=\count181
LaTeX Info: Redefining \ldots on input line 486.
LaTeX Info: Redefining \dots on input line 489.
LaTeX Info: Redefining \cdots on input line 610.
\Mathstrutbox@=\box45
\strutbox@=\box46
\big@size=\dimen142
LaTeX Font Info:    Redeclaring font encoding OML on input line 733.
LaTeX Font Info:    Redeclaring font encoding OMS on input line 734.
\macc@depth=\count182
\c@MaxMatrixCols=\count183
\dotsspace@=\muskip16
\c@parentequation=\count184
\dspbrk@lvl=\count185
\tag@help=\toks18
\row@=\count186
\column@=\count187
\maxfields@=\count188
\andhelp@=\toks19
\eqnshift@=\dimen143
\alignsep@=\dimen144
\tagshift@=\dimen145
\tagwidth@=\dimen146
\totwidth@=\dimen147
\lineht@=\dimen148
\@envbody=\toks20
\multlinegap=\skip50
\multlinetaggap=\skip51
\mathdisplay@stack=\toks21
LaTeX Info: Redefining \[ on input line 2859.
LaTeX Info: Redefining \] on input line 2860.
)
("C:\Users\Damian\AppData\Local\Programs\MiKTeX 2.9\tex/latex/graphics\graphicx
.sty"
Package: graphicx 2019/11/30 v1.2a Enhanced LaTeX Graphics (DPC,SPQR)

("C:\Users\Damian\AppData\Local\Programs\MiKTeX 2.9\tex/latex/graphics\keyval.s
ty"
Package: keyval 2014/10/28 v1.15 key=value parser (DPC)
\KV@toks@=\toks22
)
("C:\Users\Damian\AppData\Local\Programs\MiKTeX 2.9\tex/latex/graphics\graphics
.sty"
Package: graphics 2019/11/30 v1.4a Standard LaTeX Graphics (DPC,SPQR)

("C:\Users\Damian\AppData\Local\Programs\MiKTeX 2.9\tex/latex/graphics\trig.sty
"
Package: trig 2016/01/03 v1.10 sin cos tan (DPC)
)
("C:\Users\Damian\AppData\Local\Programs\MiKTeX 2.9\tex/latex/graphics-cfg\grap
hics.cfg"
File: graphics.cfg 2016/06/04 v1.11 sample graphics configuration
)
Package graphics Info: Driver file: pdftex.def on input line 105.

("C:\Users\Damian\AppData\Local\Programs\MiKTeX 2.9\tex/latex/graphics-def\pdft
ex.def"
File: pdftex.def 2018/01/08 v1.0l Graphics/color driver for pdftex
))
\Gin@req@height=\dimen149
\Gin@req@width=\dimen150
)
("C:\Users\Damian\AppData\Local\Programs\MiKTeX 2.9\tex/latex/geometry\geometry
.sty"
Package: geometry 2020/01/02 v5.9 Page Geometry

("C:\Users\Damian\AppData\Local\Programs\MiKTeX 2.9\tex/generic/iftex\ifvtex.st
y"
Package: ifvtex 2019/10/25 v1.7 ifvtex legacy package. Use iftex instead.

("C:\Users\Damian\AppData\Local\Programs\MiKTeX 2.9\tex/generic/iftex\iftex.sty
"
Package: iftex 2020/03/06 v1.0d TeX engine tests
))
\Gm@cnth=\count189
\Gm@cntv=\count190
\c@Gm@tempcnt=\count191
\Gm@bindingoffset=\dimen151
\Gm@wd@mp=\dimen152
\Gm@odd@mp=\dimen153
\Gm@even@mp=\dimen154
\Gm@layoutwidth=\dimen155
\Gm@layoutheight=\dimen156
\Gm@layouthoffset=\dimen157
\Gm@layoutvoffset=\dimen158
\Gm@dimlist=\toks23

("C:\Users\Damian\AppData\Local\Programs\MiKTeX 2.9\tex/latex/geometry\geometry
.cfg"))
("C:\Users\Damian\AppData\Local\Programs\MiKTeX 2.9\tex/latex/pdfpages\pdfpages
.sty"
Package: pdfpages 2020/01/28 v0.5q Insert pages of external PDF documents (AM)

("C:\Users\Damian\AppData\Local\Programs\MiKTeX 2.9\tex/latex/base\ifthen.sty"
Package: ifthen 2014/09/29 v1.1c Standard LaTeX ifthen package (DPC)
) ("C:\Users\Damian\AppData\Local\Programs\MiKTeX 2.9\tex/latex/tools\calc.sty"
Package: calc 2017/05/25 v4.3 Infix arithmetic (KKT,FJ)
\calc@Acount=\count192
\calc@Bcount=\count193
\calc@Adimen=\dimen159
\calc@Bdimen=\dimen160
\calc@Askip=\skip52
\calc@Bskip=\skip53
LaTeX Info: Redefining \setlength on input line 80.
LaTeX Info: Redefining \addtolength on input line 81.
\calc@Ccount=\count194
\calc@Cskip=\skip54
)
("C:\Users\Damian\AppData\Local\Programs\MiKTeX 2.9\tex/latex/eso-pic\eso-pic.s
ty"
Package: eso-pic 2018/04/12 v2.0h eso-pic (RN)

("C:\Users\Damian\AppData\Local\Programs\MiKTeX 2.9\tex/generic/atbegshi\atbegs
hi.sty"
Package: atbegshi 2019/12/05 v1.19 At begin shipout hook (HO)

("C:\Users\Damian\AppData\Local\Programs\MiKTeX 2.9\tex/generic/infwarerr\infwa
rerr.sty"
Package: infwarerr 2019/12/03 v1.5 Providing info/warning/error messages (HO)
)
("C:\Users\Damian\AppData\Local\Programs\MiKTeX 2.9\tex/generic/ltxcmds\ltxcmds
.sty"
Package: ltxcmds 2019/12/15 v1.24 LaTeX kernel commands for general use (HO)
))
("C:\Users\Damian\AppData\Local\Programs\MiKTeX 2.9\tex/latex/xcolor\xcolor.sty
"
Package: xcolor 2016/05/11 v2.12 LaTeX color extensions (UK)

("C:\Users\Damian\AppData\Local\Programs\MiKTeX 2.9\tex/latex/graphics-cfg\colo
r.cfg"
File: color.cfg 2016/01/02 v1.6 sample color configuration
)
Package xcolor Info: Driver file: pdftex.def on input line 225.
Package xcolor Info: Model `cmy' substituted by `cmy0' on input line 1348.
Package xcolor Info: Model `hsb' substituted by `rgb' on input line 1352.
Package xcolor Info: Model `RGB' extended on input line 1364.
Package xcolor Info: Model `HTML' substituted by `rgb' on input line 1366.
Package xcolor Info: Model `Hsb' substituted by `hsb' on input line 1367.
Package xcolor Info: Model `tHsb' substituted by `hsb' on input line 1368.
Package xcolor Info: Model `HSB' substituted by `hsb' on input line 1369.
Package xcolor Info: Model `Gray' substituted by `gray' on input line 1370.
Package xcolor Info: Model `wave' substituted by `hsb' on input line 1371.
))
\AM@pagewidth=\dimen161
\AM@pageheight=\dimen162

("C:\Users\Damian\AppData\Local\Programs\MiKTeX 2.9\tex/latex/pdfpages\pppdftex
.def"
File: pppdftex.def 2020/01/28 v0.5q Pdfpages driver for pdfTeX (AM)
)
\AM@pagebox=\box47
\AM@global@opts=\toks24
\AM@pagecnt=\count195
\AM@toc@title=\toks25
\c@AM@survey=\count196
\AM@templatesizebox=\box48
)
("C:\Users\Damian\AppData\Local\Programs\MiKTeX 2.9\tex/latex/subfig\subfig.sty
"
Package: subfig 2005/06/28 ver: 1.3 subfig package

("C:\Users\Damian\AppData\Local\Programs\MiKTeX 2.9\tex/latex/caption\caption.s
ty"
Package: caption 2020/05/10 v3.4j Customizing captions (AR)

("C:\Users\Damian\AppData\Local\Programs\MiKTeX 2.9\tex/latex/caption\caption3.
sty"
Package: caption3 2020/05/10 v1.11 caption3 kernel (AR)
Package caption3 Info: TeX engine: e-TeX on input line 61.
\captionmargin=\dimen163
\captionmargin@=\dimen164
\captionwidth=\dimen165
\caption@tempdima=\dimen166
\caption@indent=\dimen167
\caption@parindent=\dimen168
\caption@hangindent=\dimen169
Package caption Info: Standard document class detected.
)
\c@caption@flags=\count197
\c@continuedfloat=\count198
)
\c@KVtest=\count199
\sf@farskip=\skip55
\sf@captopadj=\dimen170
\sf@capskip=\skip56
\sf@nearskip=\skip57
\c@subfigure=\count266
\c@subfigure@save=\count267
\c@lofdepth=\count268
\c@subtable=\count269
\c@subtable@save=\count270
\c@lotdepth=\count271
\sf@top=\skip58
\sf@bottom=\skip59
)
("C:\Users\Damian\AppData\Local\Programs\MiKTeX 2.9\tex/latex/multirow\multirow
.sty"
Package: multirow 2019/05/31 v2.5 Span multiple rows of a table
\multirow@colwidth=\skip60
\multirow@cntb=\count272
\multirow@dima=\skip61
\bigstrutjot=\dimen171
)
("C:\Users\Damian\AppData\Local\Programs\MiKTeX 2.9\tex/latex/tools\multicol.st
y"
Package: multicol 2019/12/09 v1.8y multicolumn formatting (FMi)
\c@tracingmulticols=\count273
\mult@box=\box49
\multicol@leftmargin=\dimen172
\c@unbalance=\count274
\c@collectmore=\count275
\doublecol@number=\count276
\multicoltolerance=\count277
\multicolpretolerance=\count278
\full@width=\dimen173
\page@free=\dimen174
\premulticols=\dimen175
\postmulticols=\dimen176
\multicolsep=\skip62
\multicolbaselineskip=\skip63
\partial@page=\box50
\last@line=\box51
\maxbalancingoverflow=\dimen177
\mult@rightbox=\box52
\mult@grightbox=\box53
\mult@gfirstbox=\box54
\mult@firstbox=\box55
\@tempa=\box56
\@tempa=\box57
\@tempa=\box58
\@tempa=\box59
\@tempa=\box60
\@tempa=\box61
\@tempa=\box62
\@tempa=\box63
\@tempa=\box64
\@tempa=\box65
\@tempa=\box66
\@tempa=\box67
\@tempa=\box68
\@tempa=\box69
\@tempa=\box70
\@tempa=\box71
\@tempa=\box72
\@tempa=\box73
\@tempa=\box74
\@tempa=\box75
\@tempa=\box76
\@tempa=\box77
\@tempa=\box78
\@tempa=\box79
\@tempa=\box80
\@tempa=\box81
\@tempa=\box82
\@tempa=\box83
\@tempa=\box84
\@tempa=\box85
\@tempa=\box86
\@tempa=\box87
\@tempa=\box88
\@tempa=\box89
\@tempa=\box90
\@tempa=\box91
\@tempa=\box92
\c@minrows=\count279
\c@columnbadness=\count280
\c@finalcolumnbadness=\count281
\last@try=\dimen178
\multicolovershoot=\dimen179
\multicolundershoot=\dimen180
\mult@nat@firstbox=\box93
\colbreak@box=\box94
\mc@col@check@num=\count282
)
("C:\Users\Damian\AppData\Local\Programs\MiKTeX 2.9\tex/latex/colortbl\colortbl
.sty"
Package: colortbl 2020/01/04 v1.0e Color table columns (DPC)

("C:\Users\Damian\AppData\Local\Programs\MiKTeX 2.9\tex/latex/tools\array.sty"
Package: array 2019/08/31 v2.4l Tabular extension package (FMi)
\col@sep=\dimen181
\ar@mcellbox=\box95
\extrarowheight=\dimen182
\NC@list=\toks26
\extratabsurround=\skip64
\backup@length=\skip65
\ar@cellbox=\box96
)
\everycr=\toks27
\minrowclearance=\skip66
) ("C:\Users\Damian\AppData\Local\Programs\MiKTeX 2.9\tex/latex/float\float.sty
"
Package: float 2001/11/08 v1.3d Float enhancements (AL)
\c@float@type=\count283
\float@exts=\toks28
\float@box=\box97
\@float@everytoks=\toks29
\@floatcapt=\box98
)
("C:\Users\Damian\AppData\Local\Programs\MiKTeX 2.9\tex/latex/base\fontenc.sty"
Package: fontenc 2020/02/11 v2.0o Standard LaTeX package
)
("C:\Users\Damian\AppData\Local\Programs\MiKTeX 2.9\tex/latex/fancyhdr\fancyhdr
.sty"
Package: fancyhdr 2019/01/31 v3.10 Extensive control of page headers and footer
s
\f@nch@headwidth=\skip67
\f@nch@O@elh=\skip68
\f@nch@O@erh=\skip69
\f@nch@O@olh=\skip70
\f@nch@O@orh=\skip71
\f@nch@O@elf=\skip72
\f@nch@O@erf=\skip73
\f@nch@O@olf=\skip74
\f@nch@O@orf=\skip75
)
("C:\Users\Damian\AppData\Local\Programs\MiKTeX 2.9\tex/latex/lastpage\lastpage
.sty"
Package: lastpage 2015/03/29 v1.2m Refers to last page's name (HMM; JPG)
)
("C:\Users\Damian\AppData\Local\Programs\MiKTeX 2.9\tex/latex/fancyhdr\extramar
ks.sty"
Package: extramarks 2019/01/31 v3.10 Extra marks for LaTeX
\@temptokenb=\toks30
)
("C:\Users\Damian\AppData\Local\Programs\MiKTeX 2.9\tex/latex/tools\indentfirst
.sty"
Package: indentfirst 1995/11/23 v1.03 Indent first paragraph (DPC)
)
("C:\Users\Damian\AppData\Local\Programs\MiKTeX 2.9\tex/latex/placeins\placeins
.sty"
Package: placeins 2005/04/18  v 2.2
)
("C:\Users\Damian\AppData\Local\Programs\MiKTeX 2.9\tex/latex/carlisle\scalefnt
.sty")
("C:\Users\Damian\AppData\Local\Programs\MiKTeX 2.9\tex/latex/listings\listings
.sty"
\lst@mode=\count284
\lst@gtempboxa=\box99
\lst@token=\toks31
\lst@length=\count285
\lst@currlwidth=\dimen183
\lst@column=\count286
\lst@pos=\count287
\lst@lostspace=\dimen184
\lst@width=\dimen185
\lst@newlines=\count288
\lst@lineno=\count289
\lst@maxwidth=\dimen186

("C:\Users\Damian\AppData\Local\Programs\MiKTeX 2.9\tex/latex/listings\lstmisc.
sty"
File: lstmisc.sty 2020/03/24 1.8d (Carsten Heinz)
\c@lstnumber=\count290
\lst@skipnumbers=\count291
\lst@framebox=\box100
)
("C:\Users\Damian\AppData\Local\Programs\MiKTeX 2.9\tex/latex/listings\listings
.cfg"
File: listings.cfg 2020/03/24 1.8d listings configuration
))
Package: listings 2020/03/24 1.8d (Carsten Heinz)

("C:\Users\Damian\AppData\Local\Programs\MiKTeX 2.9\tex/latex/base\textcomp.sty
"
Package: textcomp 2020/02/02 v2.0n Standard LaTeX package
)
("C:\Users\Damian\AppData\Local\Programs\MiKTeX 2.9\tex/latex/tools\verbatim.st
y"
Package: verbatim 2019/11/10 v1.5r LaTeX2e package for verbatim enhancements
\every@verbatim=\toks32
\verbatim@line=\toks33
\verbatim@in@stream=\read3
)
("C:\Users\Damian\AppData\Local\Programs\MiKTeX 2.9\tex/latex/framed\framed.sty
"
Package: framed 2011/10/22 v 0.96: framed or shaded text with page breaks
\OuterFrameSep=\skip76
\fb@frw=\dimen187
\fb@frh=\dimen188
\FrameRule=\dimen189
\FrameSep=\dimen190
)
("C:\Users\Damian\AppData\Local\Programs\MiKTeX 2.9\tex/latex/l3backend\l3backe
nd-pdfmode.def"
File: l3backend-pdfmode.def 2020-05-05 L3 backend support: PDF mode
\l__kernel_color_stack_int=\count292
\l__pdf_internal_box=\box101
) (main.aux)
\openout1 = `main.aux'.

LaTeX Font Info:    Checking defaults for OML/cmm/m/it on input line 101.
LaTeX Font Info:    ... okay on input line 101.
LaTeX Font Info:    Checking defaults for OMS/cmsy/m/n on input line 101.
LaTeX Font Info:    ... okay on input line 101.
LaTeX Font Info:    Checking defaults for OT1/cmr/m/n on input line 101.
LaTeX Font Info:    ... okay on input line 101.
LaTeX Font Info:    Checking defaults for T1/cmr/m/n on input line 101.
LaTeX Font Info:    ... okay on input line 101.
LaTeX Font Info:    Checking defaults for TS1/cmr/m/n on input line 101.
LaTeX Font Info:    ... okay on input line 101.
LaTeX Font Info:    Checking defaults for OMX/cmex/m/n on input line 101.
LaTeX Font Info:    ... okay on input line 101.
LaTeX Font Info:    Checking defaults for U/cmr/m/n on input line 101.
LaTeX Font Info:    ... okay on input line 101.

("C:\Users\Damian\AppData\Local\Programs\MiKTeX 2.9\tex/context/base/mkii\supp-
pdf.mkii"
[Loading MPS to PDF converter (version 2006.09.02).]
\scratchcounter=\count293
\scratchdimen=\dimen191
\scratchbox=\box102
\nofMPsegments=\count294
\nofMParguments=\count295
\everyMPshowfont=\toks34
\MPscratchCnt=\count296
\MPscratchDim=\dimen192
\MPnumerator=\count297
\makeMPintoPDFobject=\count298
\everyMPtoPDFconversion=\toks35
)
("C:\Users\Damian\AppData\Local\Programs\MiKTeX 2.9\tex/latex/epstopdf-pkg\epst
opdf-base.sty"
Package: epstopdf-base 2020-01-24 v2.11 Base part for package epstopdf
Package epstopdf-base Info: Redefining graphics rule for `.eps' on input line 4
85.
)
*geometry* driver: auto-detecting
*geometry* detected driver: pdftex
*geometry* verbose mode - [ preamble ] result:
* driver: pdftex
* paper: a4paper
* layout: <same size as paper>
* layoutoffset:(h,v)=(0.0pt,0.0pt)
* modes: 
* h-part:(L,W,R)=(90.3375pt, 416.83289pt, 90.3375pt)
* v-part:(T,H,B)=(72.26999pt, 664.37186pt, 108.405pt)
* \paperwidth=597.50787pt
* \paperheight=845.04684pt
* \textwidth=456.66656pt
* \textheight=709.89644pt
* \oddsidemargin=-1.84933pt
* \evensidemargin=18.0675pt
* \topmargin=-37.0pt
* \headheight=12.0pt
* \headsep=25.0pt
* \topskip=12.0pt
* \footskip=30.0pt
* \marginparwidth=35.0pt
* \marginparsep=10.0pt
* \columnsep=10.0pt
* \skip\footins=10.8pt plus 4.0pt minus 2.0pt
* \hoffset=0.0pt
* \voffset=0.0pt
* \mag=1000
* \@twocolumnfalse
* \@twosidefalse
* \@mparswitchfalse
* \@reversemarginfalse
* (1in=72.27pt=25.4mm, 1cm=28.453pt)

\AtBeginShipoutBox=\box103

("C:\Users\Damian\AppData\Local\Programs\MiKTeX 2.9\tex/latex/pdflscape\pdflsca
pe.sty"
Package: pdflscape 2019/12/05 v0.12 Display of landscape pages in PDF (HO)

("C:\Users\Damian\AppData\Local\Programs\MiKTeX 2.9\tex/latex/graphics\lscape.s
ty"
Package: lscape 2000/10/22 v3.01 Landscape Pages (DPC)
)
Package pdflscape Info: Auto-detected driver: pdftex on input line 81.
)
Package caption Info: Begin \AtBeginDocument code.
Package caption Info: subfig package v1.3 is loaded.
Package caption Info: float package is loaded.
Package caption Info: listings package is loaded.
Package caption Info: End \AtBeginDocument code.
Package lastpage Info: Please have a look at the pageslts package at
(lastpage)             https://www.ctan.org/pkg/pageslts
(lastpage)             ! on input line 101.
\c@lstlisting=\count299
<imagens/loga.png, id=1, 632.3625pt x 171.64125pt>
File: imagens/loga.png Graphic file (type png)
<use imagens/loga.png>
Package pdftex.def Info: imagens/loga.png  used on input line 108.
(pdftex.def)             Requested size: 347.80045pt x 94.40295pt.

Underfull \hbox (badness 10000) in paragraph at lines 119--120

 []

[1

{C:/Users/Damian/AppData/Local/MiKTeX/2.9/pdftex/config/pdftex.map} <./imagens/
loga.png>] (main.toc)
\tf@toc=\write3
\openout3 = `main.toc'.



Package Fancyhdr Warning: \headheight is too small (12.0pt): 
Make it at least 14.49998pt.
We now make it that large for the rest of the document.
This may cause the page layout to be inconsistent, however.

[1] [2]
<erd1.pdf, id=20, 664.40218pt x 487.8225pt>
File: erd1.pdf Graphic file (type pdf)
<use erd1.pdf>
Package pdftex.def Info: erd1.pdf  used on input line 219.
(pdftex.def)             Requested size: 664.40056pt x 487.8213pt.
File: erd1.pdf Graphic file (type pdf)
<use erd1.pdf>
Package pdftex.def Info: erd1.pdf  used on input line 219.
(pdftex.def)             Requested size: 664.40056pt x 487.8213pt.
<erd1.pdf, id=23, page=1, 664.40218pt x 487.8225pt>
File: erd1.pdf Graphic file (type pdf)
<use erd1.pdf, page 1>
Package pdftex.def Info: erd1.pdf , page1 used on input line 219.
(pdftex.def)             Requested size: 664.40056pt x 487.8213pt.
File: erd1.pdf Graphic file (type pdf)
<use erd1.pdf, page 1>
Package pdftex.def Info: erd1.pdf , page1 used on input line 219.
(pdftex.def)             Requested size: 597.8652pt x 438.9692pt.
 [3]
File: erd1.pdf Graphic file (type pdf)
<use erd1.pdf, page 1>
Package pdftex.def Info: erd1.pdf , page1 used on input line 219.
(pdftex.def)             Requested size: 597.8652pt x 438.9692pt.
File: erd1.pdf Graphic file (type pdf)
<use erd1.pdf, page 1>
Package pdftex.def Info: erd1.pdf , page1 used on input line 219.
(pdftex.def)             Requested size: 597.8652pt x 438.9692pt.
File: erd1.pdf Graphic file (type pdf)
<use erd1.pdf, page 1>
Package pdftex.def Info: erd1.pdf , page1 used on input line 219.
(pdftex.def)             Requested size: 597.8652pt x 438.9692pt.
 [4 <./erd1.pdf>]
<erd2.pdf, id=49, 498.90388pt x 454.57831pt>
File: erd2.pdf Graphic file (type pdf)
<use erd2.pdf>
Package pdftex.def Info: erd2.pdf  used on input line 221.
(pdftex.def)             Requested size: 498.90266pt x 454.5772pt.
File: erd2.pdf Graphic file (type pdf)
<use erd2.pdf>
Package pdftex.def Info: erd2.pdf  used on input line 221.
(pdftex.def)             Requested size: 498.90266pt x 454.5772pt.
<erd2.pdf, id=52, page=1, 498.90388pt x 454.57831pt>
File: erd2.pdf Graphic file (type pdf)
<use erd2.pdf, page 1>
Package pdftex.def Info: erd2.pdf , page1 used on input line 221.
(pdftex.def)             Requested size: 498.90266pt x 454.5772pt.
File: erd2.pdf Graphic file (type pdf)
<use erd2.pdf, page 1>
Package pdftex.def Info: erd2.pdf , page1 used on input line 221.
(pdftex.def)             Requested size: 598.59032pt x 545.408pt.
File: erd2.pdf Graphic file (type pdf)
<use erd2.pdf, page 1>
Package pdftex.def Info: erd2.pdf , page1 used on input line 221.
(pdftex.def)             Requested size: 598.59032pt x 545.408pt.
File: erd2.pdf Graphic file (type pdf)
<use erd2.pdf, page 1>
Package pdftex.def Info: erd2.pdf , page1 used on input line 221.
(pdftex.def)             Requested size: 598.59032pt x 545.408pt.
File: erd2.pdf Graphic file (type pdf)
<use erd2.pdf, page 1>
Package pdftex.def Info: erd2.pdf , page1 used on input line 221.
(pdftex.def)             Requested size: 598.59032pt x 545.408pt.
 [5 <./erd2.pdf>]
<erd3.pdf, id=75, 406.3983pt x 352.43669pt>
File: erd3.pdf Graphic file (type pdf)
<use erd3.pdf>
Package pdftex.def Info: erd3.pdf  used on input line 223.
(pdftex.def)             Requested size: 406.39731pt x 352.43584pt.
File: erd3.pdf Graphic file (type pdf)
<use erd3.pdf>
Package pdftex.def Info: erd3.pdf  used on input line 223.
(pdftex.def)             Requested size: 406.39731pt x 352.43584pt.
<erd3.pdf, id=78, page=1, 406.3983pt x 352.43669pt>
File: erd3.pdf Graphic file (type pdf)
<use erd3.pdf, page 1>
Package pdftex.def Info: erd3.pdf , page1 used on input line 223.
(pdftex.def)             Requested size: 406.39731pt x 352.43584pt.
File: erd3.pdf Graphic file (type pdf)
<use erd3.pdf, page 1>
Package pdftex.def Info: erd3.pdf , page1 used on input line 223.
(pdftex.def)             Requested size: 598.08665pt x 518.67265pt.
File: erd3.pdf Graphic file (type pdf)
<use erd3.pdf, page 1>
Package pdftex.def Info: erd3.pdf , page1 used on input line 223.
(pdftex.def)             Requested size: 598.08665pt x 518.67265pt.
File: erd3.pdf Graphic file (type pdf)
<use erd3.pdf, page 1>
Package pdftex.def Info: erd3.pdf , page1 used on input line 223.
(pdftex.def)             Requested size: 598.08665pt x 518.67265pt.
File: erd3.pdf Graphic file (type pdf)
<use erd3.pdf, page 1>
Package pdftex.def Info: erd3.pdf , page1 used on input line 223.
(pdftex.def)             Requested size: 598.08665pt x 518.67265pt.
 [6 <./erd3.pdf>]
<erd4.pdf, id=102, 393.38968pt x 407.60278pt>
File: erd4.pdf Graphic file (type pdf)
<use erd4.pdf>
Package pdftex.def Info: erd4.pdf  used on input line 225.
(pdftex.def)             Requested size: 393.38872pt x 407.60178pt.
File: erd4.pdf Graphic file (type pdf)
<use erd4.pdf>
Package pdftex.def Info: erd4.pdf  used on input line 225.
(pdftex.def)             Requested size: 393.38872pt x 407.60178pt.
<erd4.pdf, id=105, page=1, 393.38968pt x 407.60278pt>
File: erd4.pdf Graphic file (type pdf)
<use erd4.pdf, page 1>
Package pdftex.def Info: erd4.pdf , page1 used on input line 225.
(pdftex.def)             Requested size: 393.38872pt x 407.60178pt.
File: erd4.pdf Graphic file (type pdf)
<use erd4.pdf, page 1>
Package pdftex.def Info: erd4.pdf , page1 used on input line 225.
(pdftex.def)             Requested size: 598.09659pt x 619.7057pt.
File: erd4.pdf Graphic file (type pdf)
<use erd4.pdf, page 1>
Package pdftex.def Info: erd4.pdf , page1 used on input line 225.
(pdftex.def)             Requested size: 598.09659pt x 619.7057pt.
File: erd4.pdf Graphic file (type pdf)
<use erd4.pdf, page 1>
Package pdftex.def Info: erd4.pdf , page1 used on input line 225.
(pdftex.def)             Requested size: 598.09659pt x 619.7057pt.
File: erd4.pdf Graphic file (type pdf)
<use erd4.pdf, page 1>
Package pdftex.def Info: erd4.pdf , page1 used on input line 225.
(pdftex.def)             Requested size: 598.09659pt x 619.7057pt.
 [7 <./erd4.pdf>]
LaTeX Font Info:    Trying to load font information for T1+cmtt on input line 2
37.
("C:\Users\Damian\AppData\Local\Programs\MiKTeX 2.9\tex/latex/base\t1cmtt.fd"
File: t1cmtt.fd 2019/12/16 v2.5j Standard LaTeX font definitions
)
[8] [9]
("C:\Users\Damian\AppData\Local\Programs\MiKTeX 2.9\tex/latex/listings\lstlang1
.sty"
File: lstlang1.sty 2020/03/24 1.8d listings language file
) [10]
No file main.bbl.

AED: lastpage setting LastPage
[11] (main.aux) ) 
Here is how much of TeX's memory you used:
 8697 strings out of 480799
 128105 string characters out of 2895317
 652320 words of memory out of 3000000
 24537 multiletter control sequences out of 15000+200000
 543648 words of font info for 48 fonts, out of 3000000 for 9000
 1141 hyphenation exceptions out of 8191
 47i,18n,49p,256b,1778s stack positions out of 5000i,500n,10000p,200000b,50000s
 <C:\Users\Damian\AppData\Local\MiKTeX\2.9\fonts/pk/ljfour/jkn
appen/ec/dpi600\ectt1000.pk> <C:\Users\Damian\AppData\Local\MiKTeX\2.9\fonts/pk
/ljfour/jknappen/ec/dpi600\ectt1200.pk> <C:\Users\Damian\AppData\Local\MiKTeX\2
.9\fonts/pk/ljfour/jknappen/ec/dpi600\tcrm1200.pk> <C:\Users\Damian\AppData\Loc
al\MiKTeX\2.9\fonts/pk/ljfour/jknappen/ec/dpi600\ecbx1728.pk> <C:\Users\Damian\
AppData\Local\MiKTeX\2.9\fonts/pk/ljfour/jknappen/ec/dpi600\ecrm1200.pk> <C:\Us
ers\Damian\AppData\Local\MiKTeX\2.9\fonts/pk/ljfour/jknappen/ec/dpi600\ecbx1440
.pk> <C:\Users\Damian\AppData\Local\MiKTeX\2.9\fonts/pk/ljfour/jknappen/ec/dpi6
00\ecbx2488.pk> <C:\Users\Damian\AppData\Local\MiKTeX\2.9\fonts/pk/ljfour/jknap
pen/ec/dpi600\ecbx1200.pk>
Output written on main.pdf (12 pages, 483480 bytes).
PDF statistics:
 500 PDF objects out of 1000 (max. 8388607)
 0 named destinations out of 1000 (max. 500000)
 86 words of extra memory for PDF output out of 10000 (max. 10000000)

